<?xml version="1.0" encoding="UTF-8"?>
<testsuite xmlns:xsi="http://www.w3.org/2001/XMLSchema-instance" xsi:noNamespaceSchemaLocation="https://maven.apache.org/surefire/maven-surefire-plugin/xsd/surefire-test-report-3.0.xsd" version="3.0" name="com.bookingtable.ReservationTableApplicationTests" time="9.969" tests="1" errors="0" skipped="0" failures="0">
  <properties>
[...]
</properties>
  <testcase name="contextLoads" classname="com.bookingtable.ReservationTableApplicationTests" time="0.697">
    <system-out><![CDATA[04:27:46.421 [main] INFO org.springframework.test.context.support.AnnotationConfigContextLoaderUtils -- Could not detect default configuration classes for test class [com.bookingtable.ReservationTableApplicationTests]: ReservationTableApplicationTests does not declare any static, non-private, non-final, nested classes annotated with @Configuration.
04:27:46.577 [main] INFO org.springframework.boot.test.context.SpringBootTestContextBootstrapper -- Found @SpringBootConfiguration com.bookingtable.ReservationTableApplication for test class com.bookingtable.ReservationTableApplicationTests
04:27:46.784 [main] INFO org.springframework.boot.devtools.restart.RestartApplicationListener -- Restart disabled due to context in which it is running

  .   ____          _            __ _ _
 /\\ / ___'_ __ _ _(_)_ __  __ _ \ \ \ \
( ( )\___ | '_ | '_| | '_ \/ _` | \ \ \ \
 \\/  ___)| |_)| | | | | || (_| |  ) ) ) )
  '  |____| .__|_| |_|_| |_\__, | / / / /
 =========|_|==============|___/=/_/_/_/
 :: Spring Boot ::                (v3.2.2)

2024-03-19T04:27:47.167+07:00  INFO 10172 --- [           main] c.b.ReservationTableApplicationTests     : Starting ReservationTableApplicationTests using Java 17.0.7 with PID 10172 (started by minht in C:\Users\minht\Documents\ProjectEndSessionAptech\ReservationTableAptech\ReservationTable)
2024-03-19T04:27:47.168+07:00  INFO 10172 --- [           main] c.b.ReservationTableApplicationTests     : No active profile set, falling back to 1 default profile: "default"
2024-03-19T04:27:48.781+07:00  INFO 10172 --- [           main] .s.d.r.c.RepositoryConfigurationDelegate : Bootstrapping Spring Data JPA repositories in DEFAULT mode.
2024-03-19T04:27:48.944+07:00  INFO 10172 --- [           main] .s.d.r.c.RepositoryConfigurationDelegate : Finished Spring Data repository scanning in 151 ms. Found 17 JPA repository interfaces.
2024-03-19T04:27:49.708+07:00  INFO 10172 --- [           main] o.hibernate.jpa.internal.util.LogHelper  : HHH000204: Processing PersistenceUnitInfo [name: default]
2024-03-19T04:27:49.797+07:00  INFO 10172 --- [           main] org.hibernate.Version                    : HHH000412: Hibernate ORM core version 6.4.1.Final
2024-03-19T04:27:49.845+07:00  INFO 10172 --- [           main] o.h.c.internal.RegionFactoryInitiator    : HHH000026: Second-level cache disabled
2024-03-19T04:27:50.203+07:00  INFO 10172 --- [           main] o.s.o.j.p.SpringPersistenceUnitInfo      : No LoadTimeWeaver setup: ignoring JPA class transformer
2024-03-19T04:27:50.245+07:00  INFO 10172 --- [           main] com.zaxxer.hikari.HikariDataSource       : HikariPool-1 - Starting...
2024-03-19T04:27:50.469+07:00  INFO 10172 --- [           main] com.zaxxer.hikari.pool.HikariPool        : HikariPool-1 - Added connection org.postgresql.jdbc.PgConnection@43b4ec0c
2024-03-19T04:27:50.471+07:00  INFO 10172 --- [           main] com.zaxxer.hikari.HikariDataSource       : HikariPool-1 - Start completed.
2024-03-19T04:27:52.580+07:00  INFO 10172 --- [           main] o.h.e.t.j.p.i.JtaPlatformInitiator       : HHH000489: No JTA platform available (set 'hibernate.transaction.jta.platform' to enable JTA platform integration)
2024-03-19T04:27:52.823+07:00  INFO 10172 --- [           main] j.LocalContainerEntityManagerFactoryBean : Initialized JPA EntityManagerFactory for persistence unit 'default'
2024-03-19T04:27:53.343+07:00  INFO 10172 --- [           main] o.s.d.j.r.query.QueryEnhancerFactory     : Hibernate is in classpath; If applicable, HQL parser will be used.
2024-03-19T04:27:54.120+07:00  WARN 10172 --- [           main] JpaBaseConfiguration$JpaWebConfiguration : spring.jpa.open-in-view is enabled by default. Therefore, database queries may be performed during view rendering. Explicitly configure spring.jpa.open-in-view to disable this warning
2024-03-19T04:27:54.716+07:00  INFO 10172 --- [           main] o.s.s.web.DefaultSecurityFilterChain     : Will secure any request with [org.springframework.security.web.session.DisableEncodeUrlFilter@11bac6d7, org.springframework.security.web.context.request.async.WebAsyncManagerIntegrationFilter@48ebcce5, org.springframework.security.web.context.SecurityContextHolderFilter@57e6f449, org.springframework.security.web.header.HeaderWriterFilter@1d5e0621, org.springframework.security.web.authentication.logout.LogoutFilter@14d5b2ac, org.springframework.security.web.authentication.UsernamePasswordAuthenticationFilter@84180e2, org.springframework.security.web.savedrequest.RequestCacheAwareFilter@419ac0f5, org.springframework.security.web.servletapi.SecurityContextHolderAwareRequestFilter@628fa8ea, org.springframework.security.web.authentication.AnonymousAuthenticationFilter@4c29138a, org.springframework.security.web.access.ExceptionTranslationFilter@69173bb7, org.springframework.security.web.access.intercept.AuthorizationFilter@18482805]
2024-03-19T04:27:55.401+07:00  INFO 10172 --- [           main] c.b.ReservationTableApplicationTests     : Started ReservationTableApplicationTests in 8.63 seconds (process running for 10.067)
]]></system-out>
  </testcase>
</testsuite>